10/21/2020 1:14:33 PM == LOG Session Created from Alpha-Omega Data Tables.xlsm
10/21/2020 1:14:33 PM == LOG_zackd was created on 10/21/2020 1:14:33 PM
10/21/2020 1:14:34 PM ==  Table Displaying Currently Installed Project Object Files:...
10/21/2020 1:14:34 PM == -/-/-/-/-/-/-/-/-/-/-/-/-/-/-/-/-/-/-/-/-/-/-/-/-/-/-/-/-/-/-/-/-/-/-/-/-/-/-/-/-/-/-/-/-/-/-/-/-/-/-/-/-/-/-/-/-/-/-/-/-/-/-/-/-/-/-/-/-/-/-/
10/21/2020 1:14:34 PM ==     ___________________________________NEW TABLE____________________________________
10/21/2020 1:14:34 PM ==     Installed Project Object Report: Type: <100> Name: <ThisWorkbook> Version: <Na>
10/21/2020 1:14:34 PM ==     Installed Project Object Report: Type: <100> Name: <Sheet1> Version: <Na>
10/21/2020 1:14:34 PM ==     Installed Project Object Report: Type: <100> Name: <Sheet2> Version: <Na>
10/21/2020 1:14:34 PM ==     Installed Project Object Report: Type: <100> Name: <Sheet3> Version: <Na>
10/21/2020 1:14:34 PM ==     Installed Project Object Report: Type: <100> Name: <Sheet4> Version: <Na>
10/21/2020 1:14:34 PM ==     Installed Project Object Report: Type: <100> Name: <Sheet5> Version: <Na>
10/21/2020 1:14:34 PM ==     Installed Project Object Report: Type: <100> Name: <Sheet6> Version: <Na>
10/21/2020 1:14:34 PM ==     Installed Project Object Report: Type: <100> Name: <Sheet7> Version: <Na>
10/21/2020 1:14:34 PM ==     Installed Project Object Report: Type: <1> Name: <DTS_V1_DEV> Version: <0.0 Pre-Alpha without function logs>
10/21/2020 1:14:34 PM ==         Showing Object File Dependants:...
10/21/2020 1:14:34 PM ==             <Boots_main_Valpha>•<Boots_Report_Valpha>•<SP_V1>•<Matrix_V2>•<String_V1>•
10/21/2020 1:14:34 PM ==         Reporting Project Function Stability Status:...
10/21/2020 1:14:34 PM ==             __________Project Object ENUMS__________
10/21/2020 1:14:34 PM ==             ENUM: run_choices_V0 - Public
10/21/2020 1:14:34 PM ==             ENUM: get_choices_v0 - Pubilc
10/21/2020 1:14:34 PM ==             ENUM: DTS_POS - Public
10/21/2020 1:14:34 PM ==             __________Project Object global variable set__________
10/21/2020 1:14:34 PM ==             get_global_unit_cost_refresh_ignore_trigger - Public - Stable
10/21/2020 1:14:34 PM ==             get_global_decoder_symbol - Public - Stable
10/21/2020 1:14:34 PM ==             __________Project Object DO Statements__________
10/21/2020 1:14:34 PM ==             run_v0 - Public - Out of Date: Using old code rather than the standardized code for checking page existance
10/21/2020 1:14:34 PM ==             Run_unit_cost_refresh_v0 - Private - Out Dated: Using old code this function is missing the proper refs to run
10/21/2020 1:14:34 PM ==             __________Project Object Get Statements__________
10/21/2020 1:14:34 PM ==             Get_V0 - Public - Stable
10/21/2020 1:14:34 PM ==             get_size_V0 - Private - Stable
10/21/2020 1:14:34 PM ==     Installed Project Object Report: Type: <1> Name: <Change_log> Version: <Na>
10/21/2020 1:14:34 PM ==     Installed Project Object Report: Type: <1> Name: <DEV_V1_DEV> Version: <Na>
10/21/2020 1:14:34 PM ==     Installed Project Object Report: Type: <1> Name: <SP_V1_DEV> Version: <Na>
10/21/2020 1:14:34 PM ==     Installed Project Object Report: Type: <100> Name: <Sheet10> Version: <Na>
10/21/2020 1:14:34 PM ==     Installed Project Object Report: Type: <1> Name: <String_V1> Version: <Na>
10/21/2020 1:14:34 PM ==     Installed Project Object Report: Type: <1> Name: <matrix_V2> Version: <Na>
10/21/2020 1:14:34 PM ==     Installed Project Object Report: Type: <1> Name: <Boots_Report_v_Alpha> Version: <Na>
10/21/2020 1:14:34 PM ==     Installed Project Object Report: Type: <1> Name: <Boots_Main_V_alpha> Version: <Na>
10/21/2020 1:14:34 PM ==     Installed Project Object Report: Type: <100> Name: <Sheet9> Version: <Na>
10/21/2020 1:14:34 PM ==     Installed Project Object Report: Type: <100> Name: <Sheet17> Version: <Na>
10/21/2020 1:14:34 PM ==     Installed Project Object Report: Type: <100> Name: <Sheet8> Version: <Na>
10/21/2020 1:14:34 PM ==     Installed Project Object Report: Type: <1> Name: <root> Version: <Na>
10/21/2020 1:14:34 PM ==     Installed Project Object Report: Type: <100> Name: <Sheet11> Version: <Na>
10/21/2020 1:14:34 PM ==     total entrys:22
10/21/2020 1:14:34 PM ==     ________________________________________________________________________________
10/21/2020 1:14:34 PM ==     -/-/-/-/-/-/-/-/-/-/-/-/-/-/-/-/-/-/-/-/-/-/-/-/-/-/-/-/-/-/-/-/-/-/-/-/-/-/-/-/-/-/-/-/-/-/-/-/-/-/-/-/-/-/-/-/-/-/-/-/-/-/-/-/-/-/-/-/-/-/-/
10/21/2020 1:15:08 PM ==     !!!!!!!!!!!!!!!!!!!!!!!!!!!!!!!!!!!!!!!!!!!!!!!!!!!!!!!!!!!!!!!!!!!!!!!!!!!!!!!!!!!!!!!!!!!!!!!!!!!!!!!!!!!!!!!!!!!!!!!!!!!!!!!!
10/21/2020 1:15:08 PM ==     !!!!!!!!!!!!!!!!!!!!!!!!!!!!!!!!!!!!!!!!!!!!!!!!!!!!!!!!!!!!!!!!!!!!!!!!!!!!!!!!!!!!!!!!!!!!!!!!!!!!!!!!!!!!!!!!!!!!!!!!!!!!!!!!
10/21/2020 1:15:08 PM ==     ________________________________ERROR TRIGGERED_______________________________
10/21/2020 1:15:08 PM ==     FATAL ERROR: Displaying Snapshot of Values:...
10/21/2020 1:15:08 PM ==     -/-/-/-/-/-/-/-/-/-/-/-/-/-/-/-/-/-/-/-/-/-/-/-/-/-/-/-/-/-/-/-/-/-/-/-/-/-/-/-/-/-/-/-/-/-/-/-/-/-/-/-/-/-/-/-/-/-/-/-/-/-/-/-/-/-/-/-/-/-/-/
10/21/2020 1:15:08 PM ==         ___________________________________NEW TABLE____________________________________
10/21/2020 1:15:08 PM ==         ____Displaying Variable: Check_DTS_Table_V0_01A: 'False' as variant____
10/21/2020 1:15:08 PM ==         ____Displaying Variable: More_instructions: '' as string____
10/21/2020 1:15:08 PM ==         ____Displaying Variable: condition: 'False' as Boolean____
10/21/2020 1:15:08 PM ==         ____Displaying Variable: i: '4' as Long____
10/21/2020 1:15:08 PM ==         ____Displaying Variable: s: 'DTS_Unit_list' as String____
10/21/2020 1:15:08 PM ==         ____Displaying Variable: Proj_wb: 'https://daifukuamerica.sharepoint.com/sites/DAC-ProductSales-EstimatingAutomation/Shared Documents/General/Alpha-Omega Data Tables.xlsm' as Workbook____
10/21/2020 1:15:08 PM ==         ____Displaying Variable: cursor_sheet: 'DTS :visible = -1' as worksheet____
10/21/2020 1:15:08 PM ==         ____Displaying Variable: cursor_row: '1' as long____
10/21/2020 1:15:08 PM ==         ____Displaying Variable: cursor_col: '1' as long____
10/21/2020 1:15:08 PM ==         ____Displaying Variable: ref_rng: '=DTS!$C$3 value=Description' as range____
10/21/2020 1:15:08 PM ==         ____Displaying Variable: arr: '<please check the array>' as string____
10/21/2020 1:15:08 PM ==         ________________________________________________________________________________
10/21/2020 1:15:08 PM ==         -/-/-/-/-/-/-/-/-/-/-/-/-/-/-/-/-/-/-/-/-/-/-/-/-/-/-/-/-/-/-/-/-/-/-/-/-/-/-/-/-/-/-/-/-/-/-/-/-/-/-/-/-/-/-/-/-/-/-/-/-/-/-/-/-/-/-/-/-/-/-/
10/21/2020 1:15:08 PM ==         ????????????????????????????????????????????????????????????????????????????????
10/21/2020 1:15:08 PM ==             _________________________________FLAG TRIGGERED_______________________________
10/21/2020 1:15:08 PM ==             FATAL ERROR: MODULE:(DTS_VX)FUNCTION:(CHECK_DTS_TABLE) UNABLE TO LOCATE THE SPECIFIED RANGE:<DTS_Unit_list> please check the name mannager for errors. fix and then re-run
10/21/2020 1:15:08 PM ==             CRASH!__________________________________________________________
10/21/2020 1:15:08 PM ==             CRASH!__________________________________________________________
10/21/2020 1:15:08 PM ==             CRASH!__________________________________________________________
10/21/2020 1:15:08 PM ==             CRASH!__________________________________________________________
10/21/2020 1:15:08 PM ==             CRASH!__________________________________________________________
10/21/2020 1:15:08 PM ==             ________________________________________________________________
10/21/2020 1:15:08 PM ==             ________________________________________________________________
10/21/2020 1:15:08 PM ==             ________________________________________________________________
10/21/2020 1:15:08 PM ==             ________________________________________________________________
10/21/2020 1:15:08 PM ==             ________________________________________________________________
10/21/2020 1:15:08 PM ==             ________________________________________________________________
10/21/2020 1:15:08 PM ==             ________________________________________________________________
10/21/2020 1:15:08 PM ==             ________________________________________________________________
10/21/2020 1:15:08 PM ==             ________________________________________________________________
10/21/2020 1:15:08 PM ==             ________________________________________________________________
